Configuration file: /home/orkung/Git_Repolari/kisisel/public/ogny.github.io/_config.yml
            Source: /home/orkung/Git_Repolari/kisisel/public/ogny.github.io
       Destination: etach
      Generating... 
                    done.
 Auto-regeneration: enabled for '/home/orkung/Git_Repolari/kisisel/public/ogny.github.io'
Configuration file: /home/orkung/Git_Repolari/kisisel/public/ogny.github.io/_config.yml
    Server address: http://127.0.0.1:4000/
  Server running... press ctrl-c to stop.
      Regenerating: 1 file(s) changed at 2015-04-20 17:26:03 ...done in 0.785451767 seconds.
      Regenerating: 1 file(s) changed at 2015-04-20 17:26:13 ...done in 0.824746429 seconds.
      Regenerating: 1 file(s) changed at 2015-04-20 17:26:33 ...done in 0.831996303 seconds.
      Regenerating: 1 file(s) changed at 2015-04-21 10:51:02 ...done in 1.1944792 seconds.
      Regenerating: 1 file(s) changed at 2015-04-21 10:53:19 ...done in 0.737607555 seconds.
      Regenerating: 1 file(s) changed at 2015-04-21 10:55:00 ...done in 0.764056798 seconds.
Configuration file: /home/orkung/Git_Repolari/kisisel/public/ogny.github.io/_config.yml
            Source: /home/orkung/Git_Repolari/kisisel/public/ogny.github.io
       Destination: etach
      Generating... 
                    done.
 Auto-regeneration: enabled for '/home/orkung/Git_Repolari/kisisel/public/ogny.github.io'
Configuration file: /home/orkung/Git_Repolari/kisisel/public/ogny.github.io/_config.yml
jekyll 2.5.3 | Error:  Address already in use - bind(2) for 127.0.0.1:4000
      Regenerating: 1 file(s) changed at 2015-04-21 10:56:09 ...done in 0.783345424 seconds.
      Regenerating: 1 file(s) changed at 2015-04-21 11:00:20 ...done in 0.734981173 seconds.
      Regenerating: 1 file(s) changed at 2015-04-21 11:00:37 ...done in 0.781928135 seconds.
      Regenerating: 1 file(s) changed at 2015-04-21 11:00:44 ...done in 0.746764166 seconds.
      Regenerating: 1 file(s) changed at 2015-04-21 11:00:50 ...done in 0.772650768 seconds.
      Regenerating: 1 file(s) changed at 2015-04-21 11:00:56 ...done in 0.800590424 seconds.
      Regenerating: 1 file(s) changed at 2015-04-21 11:01:10 ...done in 0.738105384 seconds.
      Regenerating: 1 file(s) changed at 2015-04-21 11:01:15 ...done in 0.786190967 seconds.
      Regenerating: 1 file(s) changed at 2015-04-21 11:01:21 ...done in 0.772092806 seconds.
      Regenerating: 1 file(s) changed at 2015-04-21 11:02:29 ...done in 0.816356745 seconds.
      Regenerating: 1 file(s) changed at 2015-04-21 11:04:03 ...done in 0.738868329 seconds.
      Regenerating: 1 file(s) changed at 2015-04-21 11:04:09 ...done in 0.882955857 seconds.
      Regenerating: 1 file(s) changed at 2015-04-21 11:04:15 ...done in 0.801922716 seconds.
      Regenerating: 1 file(s) changed at 2015-04-21 11:04:19 ...done in 0.756608784 seconds.
      Regenerating: 1 file(s) changed at 2015-04-21 11:04:24 ...done in 0.797862284 seconds.
      Regenerating: 1 file(s) changed at 2015-04-21 11:04:29 ...done in 0.748400059 seconds.
      Regenerating: 1 file(s) changed at 2015-04-21 11:04:36 ...done in 0.776056997 seconds.
      Regenerating: 1 file(s) changed at 2015-04-21 11:04:57 ...done in 0.823536429 seconds.
      Regenerating: 1 file(s) changed at 2015-04-21 11:05:09 ...done in 0.907591671 seconds.
      Regenerating: 1 file(s) changed at 2015-04-21 11:05:23 ...done in 0.99665132 seconds.
      Regenerating: 1 file(s) changed at 2015-04-21 11:05:30 ...done in 0.792932816 seconds.
      Regenerating: 1 file(s) changed at 2015-04-21 11:05:35 ...done in 0.828303725 seconds.
      Regenerating: 1 file(s) changed at 2015-04-21 11:05:38 ...done in 0.927243471 seconds.
      Regenerating: 1 file(s) changed at 2015-04-21 11:05:45 ...done in 0.806312521 seconds.
      Regenerating: 1 file(s) changed at 2015-04-21 11:06:37 ...done in 0.767760831 seconds.
      Regenerating: 1 file(s) changed at 2015-04-21 11:06:55 ...done in 0.813159061 seconds.
      Regenerating: 1 file(s) changed at 2015-04-21 11:07:00 ...done in 1.061489802 seconds.
      Regenerating: 1 file(s) changed at 2015-04-21 11:07:04 ...done in 0.79388636 seconds.
      Regenerating: 1 file(s) changed at 2015-04-21 11:07:08 ...done in 0.906850096 seconds.
      Regenerating: 1 file(s) changed at 2015-04-21 11:07:14 ...done in 0.915456358 seconds.
      Regenerating: 1 file(s) changed at 2015-04-21 11:07:18 ...done in 0.942723582 seconds.
      Regenerating: 1 file(s) changed at 2015-04-21 11:07:28 ...done in 0.96925426 seconds.
      Regenerating: 1 file(s) changed at 2015-04-21 11:07:36 ...done in 0.811535601 seconds.
      Regenerating: 1 file(s) changed at 2015-04-21 11:07:42 ...done in 0.88935681 seconds.
      Regenerating: 1 file(s) changed at 2015-04-21 11:08:03 ...done in 0.945023177 seconds.
      Regenerating: 1 file(s) changed at 2015-04-21 11:08:15 ...done in 0.920372137 seconds.
      Regenerating: 1 file(s) changed at 2015-04-21 11:08:26 ...done in 0.853645565 seconds.
      Regenerating: 1 file(s) changed at 2015-04-21 11:08:37 ...done in 0.949931342 seconds.
      Regenerating: 1 file(s) changed at 2015-04-21 11:08:54 ...done in 0.795755173 seconds.
      Regenerating: 1 file(s) changed at 2015-04-21 11:09:18 ...done in 0.937771416 seconds.
      Regenerating: 1 file(s) changed at 2015-04-21 11:09:31 ...done in 0.936311105 seconds.
      Regenerating: 1 file(s) changed at 2015-04-21 11:09:38 ...done in 0.839459334 seconds.
      Regenerating: 1 file(s) changed at 2015-04-21 11:09:48 ...done in 0.813136363 seconds.
      Regenerating: 1 file(s) changed at 2015-04-21 11:09:55 ...done in 0.84545402 seconds.
      Regenerating: 1 file(s) changed at 2015-04-21 11:10:36 ...done in 0.808194883 seconds.
      Regenerating: 1 file(s) changed at 2015-04-21 11:51:58 ...done in 0.779573575 seconds.
      Regenerating: 1 file(s) changed at 2015-04-21 11:52:15 ...done in 0.770967803 seconds.
      Regenerating: 1 file(s) changed at 2015-04-21 11:57:52 ...done in 0.813964123 seconds.
      Regenerating: 1 file(s) changed at 2015-04-21 11:59:37 ...done in 0.770061262 seconds.
